Arguments: 
  /usr/local/bin/node /usr/local/bin/yarn add @hapi/joi

PATH: 
  /home/reverie-pc/bin:/home/reverie-pc/.local/bin:/usr/local/sbin:/usr/local/bin:/usr/sbin:/usr/bin:/sbin:/bin:/usr/games:/usr/local/games:/snap/bin

Yarn version: 
  1.16.0

Node version: 
  10.16.0

Platform: 
  linux x64

Trace: 
  Error: EACCES: permission denied, mkdir '/home/reverie-pc/Documents/myproject/backend-express/node_modules/ansi-align/node_modules/ansi-regex'

npm manifest: 
  {
    "name": "backend-express",
    "version": "0.0.0",
    "private": true,
    "scripts": {
      "server": "babel-node ./server/www",
      "start": "nodemon --exec babel-node ./server/www",
      "dev": "NODE_ENV=development npm-run-all server"
    },
    "dependencies": {
      "cookie-parser": "~1.4.4",
      "debug": "~2.6.9",
      "express": "~4.16.1",
      "morgan": "~1.9.1",
      "nodemon": "^2.0.3",
      "rimraf": "^3.0.2"
    },
    "devDependencies": {
      "@babel/cli": "^7.8.4",
      "@babel/core": "^7.9.6",
      "@babel/node": "^7.8.7",
      "@babel/preset-env": "^7.9.6",
      "body-parser": "^1.19.0"
    }
  }

yarn manifest: 
  No manifest

Lockfile: 
  No lockfile
